
 ⛅️ wrangler 4.71.0 (update available 4.72.0)
─────────────────────────────────────────────
Successfully created tail, expires at 2026-03-11T12:03:38Z
Connected to fast-intel-sandbox, waiting for logs...
POST https://fast-intel-sandbox.trentbelasco.workers.dev/ - Ok @ 11/03/2026, 8:02:48 pm
POST https://fast-intel-sandbox.trentbelasco.workers.dev/fast-intel - Ok @ 11/03/2026, 8:03:01 pm
  (log) [fast-intel 1.1.0] [REQUEST] POST /fast-intel lid=anon_smoke_1773219768 url=https://www.pitcherpartners.com.au fn=Trent
  (log) [fast-intel 1.1.0] [START] lid=anon_smoke_1773219768 url=https://www.pitcherpartners.com.au firstName=Trent
  (log) [fast-intel 1.1.0] [FIRECRAWL] HTTP 408 — falling back to null
  (log) [fast-intel 1.1.0] [FALLBACK] Firecrawl failed — trying ScrapingAnt
  (log) [fast-intel 1.1.0] [SCRAPINGANT] Timed out after 20s
  (log) [fast-intel 1.1.0] [FALLBACK] ScrapingAnt also failed — trying direct fetch
  (log) [fast-intel 1.1.0] [DIRECT] Done in 292ms — 321509 chars
  (log) [fast-intel 1.1.0] [FALLBACK] Direct fetch HTML → fc stub built (321509 chars)
  (log) [fast-intel 1.1.0] [CONSULTANT] Done in 21713ms fallback=false
  (log) [fast-intel 1.1.0] [KV] Written lid=anon_smoke_1773219768 biz="Pitcher Partners" fn="Trent" 28026 bytes
  (log) [fast-intel 1.1.0] [BIG_SCRAPER_TRIGGER] lid=anon_smoke_1773219768 {"v":1,"lid":"anon_smoke_1773219768","ts":"2026-03-11T09:03:55.299Z","firstName":"Trent","first_name":"Trent","websiteUrl":"https://www.pitcherpartners.com.au","business_name":"pitcherpartners.com.au","fast_context":{"v":1,"lid":"anon_smoke_1773219768","ts":"2026-03-11T09:03:55.299Z","business":{"name":"pitcherpartners.com.au","domain":"pitcherpartners.com.au","location":"","rating":0,"review_count":0,"logo_url":""},"hero":{"v":1,"url":"https://www.pitcherpartners.com.au","h1":"","h2":"","h3":"","title":"","meta_description":"","og_title":"","og_description":""},"person":{"first_name":"Trent","job_title":"Unknown Role","tenure":"","source":"stub"},"ads":{"is_running_ads":false,"estimated_monthly_spend_aud":0,"facebook_ads_running":false,"google_ads_running":false},"numbers":{"one_real_number_for_opener":0},"normalized_name":"pitcherpartners.com.au","target_audience":"","business_description":"","benefits":[],"pain_points":[],"usps":[],"services":[],"pricing_info":"","confidence_score":0,"critical_fixes":[],"marketing_intelligence":{"overallGrade":"pending"}},"intel":{"grade":"D","top_fixes":[],"memory_prefill":{"country":"AU","currency":"AUD","runs_ads":false,"crm_detected":false},"bella_opener":"Hi Trent! I was just looking at your site — looking forward to chatting about pitcherpartners.com.au.","phaseA":{"success":true,"scrapeStatus":"pending","business_name":"pitcherpartners.com.au","firstName":"Trent","lid":"anon_smoke_1773219768","url":"https://www.pitcherpartners.com.au","deepScrapeStatus":"processing","marketing_intelligence":{"overallGrade":"pending","grades":{"speedToLead":{"grade":"—","score":null},"reputation":{"grade":"—","score":null},"websiteConversion":{"grade":"—","score":null},"techStack":{"grade":"—","score":null},"adEfficiency":{"grade":"—","score":null},"overall":{"grade":"—","score":null}},"adIntelligence":{"isRunningAds":false,"verdict":"pending"},"reputationIntelligence":{"googleRating":null,"reviewCount":null},"techStackIntelligence":{"score":null,"level":"pending","missing":[]},"reviewMining":{"agentNeedIndicators":{"alex":[],"maddie":[],"chris":[],"sarah":[],"james":[]},"summary":{"alex":0,"maddie":0,"chris":0,"sarah":0,"james":0}},"landingPageScore":null,"socialMedia":{},"scraperResults":{"tier":"pending"}}},"deep":{"status":"processing"}}}
  (log) [fast-intel 1.1.0] [APIFY_TRIGGER] lid=anon_smoke_1773219768 {"ok":true,"lid":"anon_smoke_1773219768","instanceId":"deep-anon_smoke_1773219768","status":"queued"}
POST https://fast-intel-sandbox.trentbelasco.workers.dev/fast-intel - Ok @ 11/03/2026, 8:06:46 pm
  (log) [fast-intel 1.1.0] [REQUEST] POST /fast-intel lid=anon_smoke2_1773220005 url=https://www.kpmg.com.au fn=Trent
  (log) [fast-intel 1.1.0] [START] lid=anon_smoke2_1773220005 url=https://www.kpmg.com.au firstName=Trent
  (log) [fast-intel 1.1.0] [FIRECRAWL] Done in 8930ms — markdown 27540 chars, html 290947 chars
  (log) [fast-intel 1.1.0] [CONSULTANT] Done in 24616ms fallback=false
  (log) [fast-intel 1.1.0] [KV] Written lid=anon_smoke2_1773220005 biz="KPMG Australia" fn="Trent" 52105 bytes
  (log) [fast-intel 1.1.0] [BIG_SCRAPER_TRIGGER] lid=anon_smoke2_1773220005 {"v":1,"lid":"anon_smoke2_1773220005","ts":"2026-03-11T09:07:20.436Z","firstName":"Trent","first_name":"Trent","websiteUrl":"https://www.kpmg.com.au","business_name":"kpmg.com.au","fast_context":{"v":1,"lid":"anon_smoke2_1773220005","ts":"2026-03-11T09:07:20.436Z","business":{"name":"kpmg.com.au","domain":"kpmg.com.au","location":"","rating":0,"review_count":0,"logo_url":""},"hero":{"v":1,"url":"https://www.kpmg.com.au","h1":"","h2":"","h3":"","title":"","meta_description":"","og_title":"","og_description":""},"person":{"first_name":"Trent","job_title":"Unknown Role","tenure":"","source":"stub"},"ads":{"is_running_ads":false,"estimated_monthly_spend_aud":0,"facebook_ads_running":false,"google_ads_running":false},"numbers":{"one_real_number_for_opener":0},"normalized_name":"kpmg.com.au","target_audience":"","business_description":"","benefits":[],"pain_points":[],"usps":[],"services":[],"pricing_info":"","confidence_score":0,"critical_fixes":[],"marketing_intelligence":{"overallGrade":"pending"}},"intel":{"grade":"D","top_fixes":[],"memory_prefill":{"country":"AU","currency":"AUD","runs_ads":false,"crm_detected":false},"bella_opener":"Hi Trent! I was just looking at your site — looking forward to chatting about kpmg.com.au.","phaseA":{"success":true,"scrapeStatus":"pending","business_name":"kpmg.com.au","firstName":"Trent","lid":"anon_smoke2_1773220005","url":"https://www.kpmg.com.au","deepScrapeStatus":"processing","marketing_intelligence":{"overallGrade":"pending","grades":{"speedToLead":{"grade":"—","score":null},"reputation":{"grade":"—","score":null},"websiteConversion":{"grade":"—","score":null},"techStack":{"grade":"—","score":null},"adEfficiency":{"grade":"—","score":null},"overall":{"grade":"—","score":null}},"adIntelligence":{"isRunningAds":false,"verdict":"pending"},"reputationIntelligence":{"googleRating":null,"reviewCount":null},"techStackIntelligence":{"score":null,"level":"pending","missing":[]},"reviewMining":{"agentNeedIndicators":{"alex":[],"maddie":[],"chris":[],"sarah":[],"james":[]},"summary":{"alex":0,"maddie":0,"chris":0,"sarah":0,"james":0}},"landingPageScore":null,"socialMedia":{},"scraperResults":{"tier":"pending"}}},"deep":{"status":"processing"}}}
  (log) [fast-intel 1.1.0] [APIFY_TRIGGER] lid=anon_smoke2_1773220005 {"ok":true,"lid":"anon_smoke2_1773220005","status":"queued","note":"already_exists"}
OPTIONS https://fast-intel-sandbox.trentbelasco.workers.dev/fast-intel - Ok @ 11/03/2026, 8:12:24 pm
GET https://fast-intel-sandbox.trentbelasco.workers.dev/status?lid=anon_m1qt3n1b - Ok @ 11/03/2026, 8:12:25 pm
GET https://fast-intel-sandbox.trentbelasco.workers.dev/status?lid=anon_m1qt3n1b - Ok @ 11/03/2026, 8:12:26 pm
GET https://fast-intel-sandbox.trentbelasco.workers.dev/status?lid=anon_m1qt3n1b - Ok @ 11/03/2026, 8:12:27 pm
GET https://fast-intel-sandbox.trentbelasco.workers.dev/status?lid=anon_m1qt3n1b - Ok @ 11/03/2026, 8:12:28 pm
GET https://fast-intel-sandbox.trentbelasco.workers.dev/status?lid=anon_m1qt3n1b - Ok @ 11/03/2026, 8:12:30 pm
GET https://fast-intel-sandbox.trentbelasco.workers.dev/status?lid=anon_m1qt3n1b - Ok @ 11/03/2026, 8:12:31 pm
GET https://fast-intel-sandbox.trentbelasco.workers.dev/status?lid=anon_m1qt3n1b - Ok @ 11/03/2026, 8:12:32 pm
GET https://fast-intel-sandbox.trentbelasco.workers.dev/status?lid=anon_m1qt3n1b - Ok @ 11/03/2026, 8:12:33 pm
POST https://fast-intel-sandbox.trentbelasco.workers.dev/fast-intel - Ok @ 11/03/2026, 8:12:24 pm
  (log) [fast-intel 1.1.0] [REQUEST] POST /fast-intel lid=anon_m1qt3n1b url=https://www.andersen.com fn=Trent
  (log) [fast-intel 1.1.0] [START] lid=anon_m1qt3n1b url=https://www.andersen.com firstName=Trent
  (log) [fast-intel 1.1.0] [FIRECRAWL] HTTP 408 — falling back to null
  (log) [fast-intel 1.1.0] [FALLBACK] Firecrawl failed — trying ScrapingAnt
  (log) [fast-intel 1.1.0] [SCRAPINGANT] Done in 10526ms — 437296 chars
  (log) [fast-intel 1.1.0] [FALLBACK] ScrapingAnt HTML → fc stub built (437296 chars)
  (log) [fast-intel 1.1.0] [CONSULTANT] Done in 21774ms fallback=false
  (log) [fast-intel 1.1.0] [KV] Written lid=anon_m1qt3n1b biz="Andersen" fn="Trent" 26759 bytes
  (log) [fast-intel 1.1.0] [BIG_SCRAPER_TRIGGER] lid=anon_m1qt3n1b {"v":1,"lid":"anon_m1qt3n1b","ts":"2026-03-11T09:13:08.388Z","firstName":"Trent","first_name":"Trent","websiteUrl":"https://www.andersen.com","business_name":"andersen.com","fast_context":{"v":1,"lid":"anon_m1qt3n1b","ts":"2026-03-11T09:13:08.388Z","business":{"name":"andersen.com","domain":"andersen.com","location":"","rating":0,"review_count":0,"logo_url":""},"hero":{"v":1,"url":"https://www.andersen.com","h1":"","h2":"","h3":"","title":"","meta_description":"","og_title":"","og_description":""},"person":{"first_name":"Trent","job_title":"Unknown Role","tenure":"","source":"stub"},"ads":{"is_running_ads":false,"estimated_monthly_spend_aud":0,"facebook_ads_running":false,"google_ads_running":false},"numbers":{"one_real_number_for_opener":0},"normalized_name":"andersen.com","target_audience":"","business_description":"","benefits":[],"pain_points":[],"usps":[],"services":[],"pricing_info":"","confidence_score":0,"critical_fixes":[],"marketing_intelligence":{"overallGrade":"pending"}},"intel":{"grade":"D","top_fixes":[],"memory_prefill":{"country":"AU","currency":"AUD","runs_ads":false,"crm_detected":false},"bella_opener":"Hi Trent! I was just looking at your site — looking forward to chatting about andersen.com.","phaseA":{"success":true,"scrapeStatus":"pending","business_name":"andersen.com","firstName":"Trent","lid":"anon_m1qt3n1b","url":"https://www.andersen.com","deepScrapeStatus":"processing","marketing_intelligence":{"overallGrade":"pending","grades":{"speedToLead":{"grade":"—","score":null},"reputation":{"grade":"—","score":null},"websiteConversion":{"grade":"—","score":null},"techStack":{"grade":"—","score":null},"adEfficiency":{"grade":"—","score":null},"overall":{"grade":"—","score":null}},"adIntelligence":{"isRunningAds":false,"verdict":"pending"},"reputationIntelligence":{"googleRating":null,"reviewCount":null},"techStackIntelligence":{"score":null,"level":"pending","missing":[]},"reviewMining":{"agentNeedIndicators":{"alex":[],"maddie":[],"chris":[],"sarah":[],"james":[]},"summary":{"alex":0,"maddie":0,"chris":0,"sarah":0,"james":0}},"landingPageScore":null,"socialMedia":{},"scraperResults":{"tier":"pending"}}},"deep":{"status":"processing"}}}
  (log) [fast-intel 1.1.0] [APIFY_TRIGGER] lid=anon_m1qt3n1b {"ok":true,"lid":"anon_m1qt3n1b","status":"complete","note":"already_exists"}
OPTIONS https://fast-intel-sandbox.trentbelasco.workers.dev/fast-intel - Ok @ 11/03/2026, 8:18:46 pm
GET https://fast-intel-sandbox.trentbelasco.workers.dev/status?lid=anon_v692f6z3 - Ok @ 11/03/2026, 8:18:47 pm
GET https://fast-intel-sandbox.trentbelasco.workers.dev/status?lid=anon_v692f6z3 - Ok @ 11/03/2026, 8:18:49 pm
GET https://fast-intel-sandbox.trentbelasco.workers.dev/status?lid=anon_v692f6z3 - Ok @ 11/03/2026, 8:18:50 pm
GET https://fast-intel-sandbox.trentbelasco.workers.dev/status?lid=anon_v692f6z3 - Ok @ 11/03/2026, 8:18:51 pm
GET https://fast-intel-sandbox.trentbelasco.workers.dev/status?lid=anon_v692f6z3 - Ok @ 11/03/2026, 8:18:52 pm
GET https://fast-intel-sandbox.trentbelasco.workers.dev/status?lid=anon_v692f6z3 - Ok @ 11/03/2026, 8:18:53 pm
GET https://fast-intel-sandbox.trentbelasco.workers.dev/status?lid=anon_v692f6z3 - Ok @ 11/03/2026, 8:18:54 pm
POST https://fast-intel-sandbox.trentbelasco.workers.dev/fast-intel - Canceled @ 11/03/2026, 8:18:46 pm
  (log) [fast-intel 1.1.0] [REQUEST] POST /fast-intel lid=anon_v692f6z3 url=https://www.andersen.com fn=Trent
  (log) [fast-intel 1.1.0] [START] lid=anon_v692f6z3 url=https://www.andersen.com firstName=Trent
  (log) [fast-intel 1.1.0] [FIRECRAWL] HTTP 408 — falling back to null
  (log) [fast-intel 1.1.0] [FALLBACK] Firecrawl failed — trying ScrapingAnt
  (log) [fast-intel 1.1.0] [SCRAPINGANT] Done in 8344ms — 437281 chars
  (log) [fast-intel 1.1.0] [FALLBACK] ScrapingAnt HTML → fc stub built (437281 chars)
