
 ⛅️ wrangler 4.71.0 (update available 4.72.0)
─────────────────────────────────────────────
Successfully created tail, expires at 2026-03-11T12:03:38Z
Connected to fast-intel-sandbox, waiting for logs...
POST https://fast-intel-sandbox.trentbelasco.workers.dev/fast-intel - Ok @ 11/03/2026, 5:03:41 pm
  (log) [fast-intel 1.1.0] [REQUEST] POST /fast-intel lid=anon_e2e_v110_1 url=https://www.pitcherpartners.com.au fn=Trent
  (log) [fast-intel 1.1.0] [START] lid=anon_e2e_v110_1 url=https://www.pitcherpartners.com.au firstName=Trent
  (log) [fast-intel 1.1.0] [FIRECRAWL] HTTP 408 — falling back to null
  (log) [fast-intel 1.1.0] [FALLBACK] Firecrawl failed — trying ScrapingAnt
  (log) [fast-intel 1.1.0] [SCRAPINGANT] Timed out after 20s
  (log) [fast-intel 1.1.0] [FALLBACK] ScrapingAnt also failed — trying direct fetch
  (log) [fast-intel 1.1.0] [DIRECT] Done in 290ms — 321486 chars
  (log) [fast-intel 1.1.0] [FALLBACK] Direct fetch HTML → fc stub built (321486 chars)
  (log) [fast-intel 1.1.0] [CONSULTANT] Done in 20608ms fallback=false
  (log) [fast-intel 1.1.0] [KV] Written lid=anon_e2e_v110_1 biz="Pitcher Partners" fn="Trent" 26361 bytes
  (log) [fast-intel 1.1.0] [BIG_SCRAPER_TRIGGER] lid=anon_e2e_v110_1 {"v":1,"lid":"anon_e2e_v110_1","ts":"2026-03-11T06:04:34.105Z","firstName":"Trent","first_name":"Trent","websiteUrl":"https://www.pitcherpartners.com.au","business_name":"pitcherpartners.com.au","fast_context":{"v":1,"lid":"anon_e2e_v110_1","ts":"2026-03-11T06:04:34.105Z","business":{"name":"pitcherpartners.com.au","domain":"pitcherpartners.com.au","location":"","rating":0,"review_count":0,"logo_url":""},"hero":{"v":1,"url":"https://www.pitcherpartners.com.au","h1":"","h2":"","h3":"","title":"","meta_description":"","og_title":"","og_description":""},"person":{"first_name":"Trent","job_title":"Unknown Role","tenure":"","source":"stub"},"ads":{"is_running_ads":false,"estimated_monthly_spend_aud":0,"facebook_ads_running":false,"google_ads_running":false},"numbers":{"one_real_number_for_opener":0},"normalized_name":"pitcherpartners.com.au","target_audience":"","business_description":"","benefits":[],"pain_points":[],"usps":[],"services":[],"pricing_info":"","confidence_score":0,"critical_fixes":[],"marketing_intelligence":{"overallGrade":"pending"}},"intel":{"grade":"D","top_fixes":[],"memory_prefill":{"country":"AU","currency":"AUD","runs_ads":false,"crm_detected":false},"bella_opener":"Hi Trent! I was just looking at your site — looking forward to chatting about pitcherpartners.com.au.","phaseA":{"success":true,"scrapeStatus":"pending","business_name":"pitcherpartners.com.au","firstName":"Trent","lid":"anon_e2e_v110_1","url":"https://www.pitcherpartners.com.au","deepScrapeStatus":"processing","marketing_intelligence":{"overallGrade":"pending","grades":{"speedToLead":{"grade":"—","score":null},"reputation":{"grade":"—","score":null},"websiteConversion":{"grade":"—","score":null},"techStack":{"grade":"—","score":null},"adEfficiency":{"grade":"—","score":null},"overall":{"grade":"—","score":null}},"adIntelligence":{"isRunningAds":false,"verdict":"pending"},"reputationIntelligence":{"googleRating":null,"reviewCount":null},"techStackIntelligence":{"score":null,"level":"pending","missing":[]},"reviewMining":{"agentNeedIndicators":{"alex":[],"maddie":[],"chris":[],"sarah":[],"james":[]},"summary":{"alex":0,"maddie":0,"chris":0,"sarah":0,"james":0}},"landingPageScore":null,"socialMedia":{},"scraperResults":{"tier":"pending"}}},"deep":{"status":"processing"}}}
  (log) [fast-intel 1.1.0] [APIFY_TRIGGER_ERR] lid=anon_e2e_v110_1 (instance.already_exists) Instance already exists
OPTIONS https://fast-intel-sandbox.trentbelasco.workers.dev/fast-intel - Ok @ 11/03/2026, 5:13:06 pm
GET https://fast-intel-sandbox.trentbelasco.workers.dev/status?lid=anon_kcyefp3z - Ok @ 11/03/2026, 5:13:07 pm
GET https://fast-intel-sandbox.trentbelasco.workers.dev/status?lid=anon_kcyefp3z - Ok @ 11/03/2026, 5:13:08 pm
GET https://fast-intel-sandbox.trentbelasco.workers.dev/status?lid=anon_kcyefp3z - Ok @ 11/03/2026, 5:13:09 pm
GET https://fast-intel-sandbox.trentbelasco.workers.dev/status?lid=anon_kcyefp3z - Ok @ 11/03/2026, 5:13:10 pm
GET https://fast-intel-sandbox.trentbelasco.workers.dev/status?lid=anon_kcyefp3z - Ok @ 11/03/2026, 5:13:11 pm
GET https://fast-intel-sandbox.trentbelasco.workers.dev/status?lid=anon_kcyefp3z - Ok @ 11/03/2026, 5:13:12 pm
GET https://fast-intel-sandbox.trentbelasco.workers.dev/status?lid=anon_kcyefp3z - Ok @ 11/03/2026, 5:13:13 pm
POST https://fast-intel-sandbox.trentbelasco.workers.dev/fast-intel - Ok @ 11/03/2026, 5:13:06 pm
  (log) [fast-intel 1.1.0] [REQUEST] POST /fast-intel lid=anon_kcyefp3z url=https://www.kpmg.com fn=Trent
  (log) [fast-intel 1.1.0] [START] lid=anon_kcyefp3z url=https://www.kpmg.com firstName=Trent
  (log) [fast-intel 1.1.0] [FIRECRAWL] Done in 5726ms — markdown 15827 chars, html 181263 chars
  (log) [fast-intel 1.1.0] [CONSULTANT] Done in 31201ms fallback=false
  (log) [fast-intel 1.1.0] [KV] Written lid=anon_kcyefp3z biz="KPMG" fn="Trent" 45947 bytes
  (log) [fast-intel 1.1.0] [BIG_SCRAPER_TRIGGER] lid=anon_kcyefp3z {"v":1,"lid":"anon_kcyefp3z","ts":"2026-03-11T06:13:52.093Z","firstName":"Trent","first_name":"Trent","websiteUrl":"https://www.kpmg.com","business_name":"kpmg.com","fast_context":{"v":1,"lid":"anon_kcyefp3z","ts":"2026-03-11T06:13:52.093Z","business":{"name":"kpmg.com","domain":"kpmg.com","location":"","rating":0,"review_count":0,"logo_url":""},"hero":{"v":1,"url":"https://www.kpmg.com","h1":"","h2":"","h3":"","title":"","meta_description":"","og_title":"","og_description":""},"person":{"first_name":"Trent","job_title":"Unknown Role","tenure":"","source":"stub"},"ads":{"is_running_ads":false,"estimated_monthly_spend_aud":0,"facebook_ads_running":false,"google_ads_running":false},"numbers":{"one_real_number_for_opener":0},"normalized_name":"kpmg.com","target_audience":"","business_description":"","benefits":[],"pain_points":[],"usps":[],"services":[],"pricing_info":"","confidence_score":0,"critical_fixes":[],"marketing_intelligence":{"overallGrade":"pending"}},"intel":{"grade":"D","top_fixes":[],"memory_prefill":{"country":"AU","currency":"AUD","runs_ads":false,"crm_detected":false},"bella_opener":"Hi Trent! I was just looking at your site — looking forward to chatting about kpmg.com.","phaseA":{"success":true,"scrapeStatus":"pending","business_name":"kpmg.com","firstName":"Trent","lid":"anon_kcyefp3z","url":"https://www.kpmg.com","deepScrapeStatus":"processing","marketing_intelligence":{"overallGrade":"pending","grades":{"speedToLead":{"grade":"—","score":null},"reputation":{"grade":"—","score":null},"websiteConversion":{"grade":"—","score":null},"techStack":{"grade":"—","score":null},"adEfficiency":{"grade":"—","score":null},"overall":{"grade":"—","score":null}},"adIntelligence":{"isRunningAds":false,"verdict":"pending"},"reputationIntelligence":{"googleRating":null,"reviewCount":null},"techStackIntelligence":{"score":null,"level":"pending","missing":[]},"reviewMining":{"agentNeedIndicators":{"alex":[],"maddie":[],"chris":[],"sarah":[],"james":[]},"summary":{"alex":0,"maddie":0,"chris":0,"sarah":0,"james":0}},"landingPageScore":null,"socialMedia":{},"scraperResults":{"tier":"pending"}}},"deep":{"status":"processing"}}}
  (log) [fast-intel 1.1.0] [APIFY_TRIGGER_ERR] lid=anon_kcyefp3z (instance.already_exists) Instance already exists
OPTIONS https://fast-intel-sandbox.trentbelasco.workers.dev/fast-intel - Ok @ 11/03/2026, 5:24:54 pm
GET https://fast-intel-sandbox.trentbelasco.workers.dev/status?lid=anon_qif5ce5z - Ok @ 11/03/2026, 5:24:55 pm
GET https://fast-intel-sandbox.trentbelasco.workers.dev/status?lid=anon_qif5ce5z - Ok @ 11/03/2026, 5:24:57 pm
GET https://fast-intel-sandbox.trentbelasco.workers.dev/status?lid=anon_qif5ce5z - Ok @ 11/03/2026, 5:24:58 pm
GET https://fast-intel-sandbox.trentbelasco.workers.dev/status?lid=anon_qif5ce5z - Ok @ 11/03/2026, 5:25:00 pm
GET https://fast-intel-sandbox.trentbelasco.workers.dev/status?lid=anon_qif5ce5z - Ok @ 11/03/2026, 5:25:01 pm
GET https://fast-intel-sandbox.trentbelasco.workers.dev/status?lid=anon_qif5ce5z - Ok @ 11/03/2026, 5:25:02 pm
POST https://fast-intel-sandbox.trentbelasco.workers.dev/fast-intel - Ok @ 11/03/2026, 5:24:54 pm
  (log) [fast-intel 1.1.0] [REQUEST] POST /fast-intel lid=anon_qif5ce5z url=https://www.kpmg.com fn=Trent
  (log) [fast-intel 1.1.0] [START] lid=anon_qif5ce5z url=https://www.kpmg.com firstName=Trent
  (log) [fast-intel 1.1.0] [FIRECRAWL] Done in 6647ms — markdown 15827 chars, html 181263 chars
  (log) [fast-intel 1.1.0] [CONSULTANT] Done in 27266ms fallback=false
  (log) [fast-intel 1.1.0] [KV] Written lid=anon_qif5ce5z biz="KPMG" fn="Trent" 45452 bytes
  (log) [fast-intel 1.1.0] [BIG_SCRAPER_TRIGGER] lid=anon_qif5ce5z {"v":1,"lid":"anon_qif5ce5z","ts":"2026-03-11T06:25:29.171Z","firstName":"Trent","first_name":"Trent","websiteUrl":"https://www.kpmg.com","business_name":"kpmg.com","fast_context":{"v":1,"lid":"anon_qif5ce5z","ts":"2026-03-11T06:25:29.171Z","business":{"name":"kpmg.com","domain":"kpmg.com","location":"","rating":0,"review_count":0,"logo_url":""},"hero":{"v":1,"url":"https://www.kpmg.com","h1":"","h2":"","h3":"","title":"","meta_description":"","og_title":"","og_description":""},"person":{"first_name":"Trent","job_title":"Unknown Role","tenure":"","source":"stub"},"ads":{"is_running_ads":false,"estimated_monthly_spend_aud":0,"facebook_ads_running":false,"google_ads_running":false},"numbers":{"one_real_number_for_opener":0},"normalized_name":"kpmg.com","target_audience":"","business_description":"","benefits":[],"pain_points":[],"usps":[],"services":[],"pricing_info":"","confidence_score":0,"critical_fixes":[],"marketing_intelligence":{"overallGrade":"pending"}},"intel":{"grade":"D","top_fixes":[],"memory_prefill":{"country":"AU","currency":"AUD","runs_ads":false,"crm_detected":false},"bella_opener":"Hi Trent! I was just looking at your site — looking forward to chatting about kpmg.com.","phaseA":{"success":true,"scrapeStatus":"pending","business_name":"kpmg.com","firstName":"Trent","lid":"anon_qif5ce5z","url":"https://www.kpmg.com","deepScrapeStatus":"processing","marketing_intelligence":{"overallGrade":"pending","grades":{"speedToLead":{"grade":"—","score":null},"reputation":{"grade":"—","score":null},"websiteConversion":{"grade":"—","score":null},"techStack":{"grade":"—","score":null},"adEfficiency":{"grade":"—","score":null},"overall":{"grade":"—","score":null}},"adIntelligence":{"isRunningAds":false,"verdict":"pending"},"reputationIntelligence":{"googleRating":null,"reviewCount":null},"techStackIntelligence":{"score":null,"level":"pending","missing":[]},"reviewMining":{"agentNeedIndicators":{"alex":[],"maddie":[],"chris":[],"sarah":[],"james":[]},"summary":{"alex":0,"maddie":0,"chris":0,"sarah":0,"james":0}},"landingPageScore":null,"socialMedia":{},"scraperResults":{"tier":"pending"}}},"deep":{"status":"processing"}}}
  (log) [fast-intel 1.1.0] [APIFY_TRIGGER_ERR] lid=anon_qif5ce5z (instance.already_exists) Instance already exists
